Execution 1_0
Execution 2_0
Execution 3_0
Execution 6_0
Execution 7_0
Execution 1_0
Execution 2_0
Execution 3_0
Execution 6_0
Execution 7_0
Execution 1_0
Execution 2_0
Execution 3_0
Execution 6_0
Execution 7_0
Execution 1_0
Execution 2_0
Execution 3_0
Execution 6_0
Execution 7_0
Execution 1_0
Execution 2_0
Execution 3_0
Execution 6_0
Execution 7_0
Execution 1_0
Execution 2_0
Execution 3_0
Execution 6_0
Execution 7_0
Execution 1_0
Execution 2_0
Execution 3_0
Execution 6_0
Execution 7_0
Execution 1_0
Execution 2_0
Execution 3_0
Execution 6_0
Execution 7_0
Execution 1_0
Execution 2_0
Execution 3_0
Execution 6_0
Execution 7_0
Execution 1_0
Execution 2_0
Execution 3_0
Execution 6_0
Execution 7_0
Execution 1_0
Execution 2_0
Execution 3_0
Execution 6_0
Execution 7_0
Execution 1_0
Execution 2_0
Execution 3_0
Execution 6_0
Execution 7_0
Execution 1_0
Execution 2_0
Execution 3_0
Execution 6_0
Execution 7_0
Execution 1_1
Execution 2_1
Execution 3_1
Execution 6_1
Execution 7_1
Execution 1_1
Execution 2_1
Execution 3_1
Execution 6_1
Execution 7_1
Execution 1_1
Execution 2_1
Execution 3_1
Execution 6_1
Execution 7_1
Execution 1_1
Execution 2_1
Execution 3_1
Execution 6_1
Execution 7_1
Execution 1_1
Execution 2_1
Execution 3_1
Execution 6_1
Execution 7_1
Execution 1_1
Execution 2_1
Execution 3_1
Execution 6_1
Execution 7_1
Execution 1_1
Execution 2_1
Execution 3_1
Execution 6_1
Execution 7_1
Execution 1_1
Execution 2_1
Execution 3_1
Execution 6_1
Execution 7_1
Execution 1_1
Execution 2_1
Execution 3_1
Execution 6_1
Execution 7_1
Execution 1_1
Execution 2_1
Execution 3_1
Execution 6_1
Execution 7_1
Execution 1_1
Execution 2_1
Execution 3_1
Execution 6_1
Execution 7_1
Execution 1_1
Execution 2_1
Execution 3_1
Execution 6_1
Execution 7_1
Execution 1_1
Execution 2_1
Execution 3_1
Execution 6_1
Execution 7_1
Execution 1_2
Execution 2_2
Execution 3_2
Execution 6_2
Execution 7_2
Execution 1_2
Execution 2_2
Execution 3_2
Execution 6_2
Execution 7_2
Execution 1_2
Execution 2_2
Execution 3_2
Execution 6_2
Execution 7_2
Execution 1_2
Execution 2_2
Execution 3_2
Execution 6_2
Execution 7_2
Execution 1_2
Execution 2_2
Execution 3_2
Execution 6_2
Execution 7_2
Execution 1_2
Execution 2_2
Execution 3_2
Execution 6_2
Execution 7_2
Execution 1_2
Execution 2_2
Execution 3_2
Execution 6_2
Execution 7_2
Execution 1_2
Execution 2_2
Execution 3_2
Execution 6_2
Execution 7_2
Execution 1_2
Execution 2_2
Execution 3_2
Execution 6_2
Execution 7_2
Execution 1_2
Execution 2_2
Execution 3_2
Execution 6_2
Execution 7_2
Execution 1_2
Execution 2_2
Execution 3_2
Execution 6_2
Execution 7_2
Execution 1_2
Execution 2_2
Execution 3_2
Execution 6_2
Execution 7_2
Execution 1_2
Execution 2_2
Execution 3_2
Execution 6_2
Execution 7_2
Execution 1_3
Execution 2_3
Execution 3_3
Execution 6_3
Execution 7_3
Execution 1_3
Execution 2_3
Execution 3_3
Execution 6_3
Execution 7_3
Execution 1_3
Execution 2_3
Execution 3_3
Execution 6_3
Execution 7_3
Execution 1_3
Execution 2_3
Execution 3_3
Execution 6_3
Execution 7_3
Execution 1_3
Execution 2_3
Execution 3_3
Execution 6_3
Execution 7_3
Execution 1_3
Execution 2_3
Execution 3_3
Execution 6_3
Execution 7_3
Execution 1_3
Execution 2_3
Execution 3_3
Execution 6_3
Execution 7_3
Execution 1_3
Execution 2_3
Execution 3_3
Execution 6_3
Execution 7_3
Execution 1_3
Execution 2_3
Execution 3_3
Execution 6_3
Execution 7_3
Execution 1_3
Execution 2_3
Execution 3_3
Execution 6_3
Execution 7_3
Execution 1_3
Execution 2_3
Execution 3_3
Execution 6_3
Execution 7_3
Execution 1_3
Execution 2_3
Execution 3_3
Execution 6_3
Execution 7_3
Execution 1_3
Execution 2_3
Execution 3_3
Execution 6_3
Execution 7_3
Execution 1_4
Execution 2_4
Execution 3_4
Execution 6_4
Execution 7_4
Execution 1_4
Execution 2_4
Execution 3_4
Execution 6_4
Execution 7_4
Execution 1_4
Execution 2_4
Execution 3_4
Execution 6_4
Execution 7_4
Execution 1_4
Execution 2_4
Execution 3_4
Execution 6_4
Execution 7_4
Execution 1_4
Execution 2_4
Execution 3_4
Execution 6_4
Execution 7_4
Execution 1_4
Execution 2_4
Execution 3_4
Execution 6_4
Execution 7_4
Execution 1_4
Execution 2_4
Execution 3_4
Execution 6_4
Execution 7_4
Execution 1_4
Execution 2_4
Execution 3_4
Execution 6_4
Execution 7_4
Execution 1_4
Execution 2_4
Execution 3_4
Execution 6_4
Execution 7_4
Execution 1_4
Execution 2_4
Execution 3_4
Execution 6_4
Execution 7_4
Execution 1_4
Execution 2_4
Execution 3_4
Execution 6_4
Execution 7_4
Execution 1_4
Execution 2_4
Execution 3_4
Execution 6_4
Execution 7_4
Execution 1_4
Execution 2_4
Execution 3_4
Execution 6_4
Execution 7_4
Execution 1_5
Execution 2_5
Execution 3_5
Execution 6_5
Execution 7_5
Execution 1_5
Execution 2_5
Execution 3_5
Execution 6_5
Execution 7_5
Execution 1_5
Execution 2_5
Execution 3_5
Execution 6_5
Execution 7_5
Execution 1_5
Execution 2_5
Execution 3_5
Execution 6_5
Execution 7_5
Execution 1_5
Execution 2_5
Execution 3_5
Execution 6_5
Execution 7_5
Execution 1_5
Execution 2_5
Execution 3_5
Execution 6_5
Execution 7_5
Execution 1_5
Execution 2_5
Execution 3_5
Execution 6_5
Execution 7_5
Execution 1_5
Execution 2_5
Execution 3_5
Execution 6_5
Execution 7_5
Execution 1_5
Execution 2_5
Execution 3_5
Execution 6_5
Execution 7_5
Execution 1_5
Execution 2_5
Execution 3_5
Execution 6_5
Execution 7_5
Execution 1_5
Execution 2_5
Execution 3_5
Execution 6_5
Execution 7_5
Execution 1_5
Execution 2_5
Execution 3_5
Execution 6_5
Execution 7_5
Execution 1_5
Execution 2_5
Execution 3_5
Execution 6_5
Execution 7_5
Execution 1_6
Execution 2_6
Execution 3_6
Execution 6_6
Execution 7_6
Execution 1_6
Execution 2_6
Execution 3_6
Execution 6_6
Execution 7_6
Execution 1_6
Execution 2_6
Execution 3_6
Execution 6_6
Execution 7_6
Execution 1_6
Execution 2_6
Execution 3_6
Execution 6_6
Execution 7_6
Execution 1_6
Execution 2_6
Execution 3_6
Execution 6_6
Execution 7_6
Execution 1_6
Execution 2_6
Execution 3_6
Execution 6_6
Execution 7_6
Execution 1_6
Execution 2_6
Execution 3_6
Execution 6_6
Execution 7_6
Execution 1_6
Execution 2_6
Execution 3_6
Execution 6_6
Execution 7_6
Execution 1_6
Execution 2_6
Execution 3_6
Execution 6_6
Execution 7_6
Execution 1_6
Execution 2_6
Execution 3_6
Execution 6_6
Execution 7_6
Execution 1_6
Execution 2_6
Execution 3_6
Execution 6_6
Execution 7_6
Execution 1_6
Execution 2_6
Execution 3_6
Execution 6_6
Execution 7_6
Execution 1_6
Execution 2_6
Execution 3_6
Execution 6_6
Execution 7_6
Execution 1_7
Execution 2_7
Execution 3_7
Execution 6_7
Execution 7_7
Execution 1_7
Execution 2_7
Execution 3_7
Execution 6_7
Execution 7_7
Execution 1_7
Execution 2_7
Execution 3_7
Execution 6_7
Execution 7_7
Execution 1_7
Execution 2_7
Execution 3_7
Execution 6_7
Execution 7_7
Execution 1_7
Execution 2_7
Execution 3_7
Execution 6_7
Execution 7_7
Execution 1_7
Execution 2_7
Execution 3_7
Execution 6_7
Execution 7_7
Execution 1_7
Execution 2_7
Execution 3_7
Execution 6_7
Execution 7_7
Execution 1_7
Execution 2_7
Execution 3_7
Execution 6_7
Execution 7_7
Execution 1_7
Execution 2_7
Execution 3_7
Execution 6_7
Execution 7_7
Execution 1_7
Execution 2_7
Execution 3_7
Execution 6_7
Execution 7_7
Execution 1_7
Execution 2_7
Execution 3_7
Execution 6_7
Execution 7_7
Execution 1_7
Execution 2_7
Execution 3_7
Execution 6_7
Execution 7_7
Execution 1_7
Execution 2_7
Execution 3_7
Execution 6_7
Execution 7_7
Execution 1_8
Execution 2_8
Execution 3_8
Execution 6_8
Execution 7_8
Execution 1_8
Execution 2_8
Execution 3_8
Execution 6_8
Execution 7_8
Execution 1_8
Execution 2_8
Execution 3_8
Execution 6_8
Execution 7_8
Execution 1_8
Execution 2_8
Execution 3_8
Execution 6_8
Execution 7_8
Execution 1_8
Execution 2_8
Execution 3_8
Execution 6_8
Execution 7_8
Execution 1_8
Execution 2_8
Execution 3_8
Execution 6_8
Execution 7_8
Execution 1_8
Execution 2_8
Execution 3_8
Execution 6_8
Execution 7_8
Execution 1_8
Execution 2_8
Execution 3_8
Execution 6_8
Execution 7_8
Execution 1_8
Execution 2_8
Execution 3_8
Execution 6_8
Execution 7_8
Execution 1_8
Execution 2_8
Execution 3_8
Execution 6_8
Execution 7_8
Execution 1_8
Execution 2_8
Execution 3_8
Execution 6_8
Execution 7_8
Execution 1_8
Execution 2_8
Execution 3_8
Execution 6_8
Execution 7_8
Execution 1_8
Execution 2_8
Execution 3_8
Execution 6_8
Execution 7_8
Execution 1_9
Execution 2_9
Execution 3_9
Execution 6_9
Execution 7_9
Execution 1_9
Execution 2_9
Execution 3_9
Execution 6_9
Execution 7_9
Execution 1_9
Execution 2_9
Execution 3_9
Execution 6_9
Execution 7_9
Execution 1_9
Execution 2_9
Execution 3_9
Execution 6_9
Execution 7_9
Execution 1_9
Execution 2_9
Execution 3_9
Execution 6_9
Execution 7_9
Execution 1_9
Execution 2_9
Execution 3_9
Execution 6_9
Execution 7_9
Execution 1_9
Execution 2_9
Execution 3_9
Execution 6_9
Execution 7_9
Execution 1_9
Execution 2_9
Execution 3_9
Execution 6_9
Execution 7_9
Execution 1_9
Execution 2_9
Execution 3_9
Execution 6_9
Execution 7_9
Execution 1_9
Execution 2_9
Execution 3_9
Execution 6_9
Execution 7_9
Execution 1_9
Execution 2_9
Execution 3_9
Execution 6_9
Execution 7_9
Execution 1_9
Execution 2_9
Execution 3_9
Execution 6_9
Execution 7_9
Execution 1_9
Execution 2_9
Execution 3_9
Execution 6_9
Execution 7_9
Wrong strategy value 4

Usage: ./performSimulation

 -i, Path for input file with multiple lines of test parameters. The strategy parameter should not be present. E.g.: 4000, 1, 3, 0, 5, 4, 1, 0, 6
 -o, Directory where output files with test results will be saved. One file for each informed strategy will be created. E.g.: strategy_1 strategy_2
 -s, Array of strategies with which the tests cases will be executed. Possible values: 1, 2, 3
 -d, Generates a delay graph in the specified path (Optional)
 -m, Generates a number of modules per device graph in the specified path (Optional)

 Exemple of usage: ./performSimulation -i input_test -o output_files_dir -s "1,2" 

Wrong strategy value 4

Usage: ./performSimulation

 -i, Path for input file with multiple lines of test parameters. The strategy parameter should not be present. E.g.: 4000, 1, 3, 0, 5, 4, 1, 0, 6
 -o, Directory where output files with test results will be saved. One file for each informed strategy will be created. E.g.: strategy_1 strategy_2
 -s, Array of strategies with which the tests cases will be executed. Possible values: 1, 2, 3
 -d, Generates a delay graph in the specified path (Optional)
 -m, Generates a number of modules per device graph in the specified path (Optional)

 Exemple of usage: ./performSimulation -i input_test -o output_files_dir -s "1,2" 

./performSimulation: line 41: [4: comando não encontrado
Execution 4_0
Execution 4_0
Execution 4_0
Execution 4_0
Execution 4_0
Execution 4_0
Execution 4_0
Execution 4_0
Execution 4_0
Execution 4_0
Execution 4_0
Execution 4_0
Execution 4_0
Execution 4_1
Execution 4_1
Execution 4_1
Execution 4_1
Execution 4_1
Execution 4_1
Execution 4_1
Execution 4_1
Execution 4_1
Execution 4_1
Execution 4_1
Execution 4_1
Execution 4_1
Execution 4_2
Execution 4_2
Execution 4_2
Execution 4_2
Execution 4_2
Execution 4_2
Execution 4_2
Execution 4_2
Execution 4_2
Execution 4_2
Execution 4_2
Execution 4_2
Execution 4_2
Execution 4_3
Execution 4_3
Execution 4_3
Execution 4_3
Execution 4_3
Execution 4_3
Execution 4_3
Execution 4_3
Execution 4_3
Execution 4_3
Execution 4_3
Execution 4_3
Execution 4_3
Execution 4_4
Execution 4_4
Execution 4_4
Execution 4_4
Execution 4_4
Execution 4_4
Execution 4_4
Execution 4_4
Execution 4_4
Execution 4_4
Execution 4_4
Execution 4_4
Execution 4_4
Execution 4_5
Execution 4_5
Execution 4_5
Execution 4_5
Execution 4_5
Execution 4_5
Execution 4_5
Execution 4_5
Execution 4_5
Execution 4_5
Execution 4_5
Execution 4_5
Execution 4_5
Execution 4_6
Execution 4_6
Execution 4_6
Execution 4_6
Execution 4_6
Execution 4_6
Execution 4_6
Execution 4_6
Execution 4_6
Execution 4_6
Execution 4_6
Execution 4_6
Execution 4_6
Execution 4_7
Execution 4_7
Execution 4_7
Execution 4_7
Execution 4_7
Execution 4_7
Execution 4_7
Execution 4_7
Execution 4_7
Execution 4_7
Execution 4_7
Execution 4_7
Execution 4_7
Execution 4_8
Execution 4_8
Execution 4_8
Execution 4_8
Execution 4_8
Execution 4_8
Execution 4_8
Execution 4_8
Execution 4_8
Execution 4_8
Execution 4_8
Execution 4_8
Execution 4_8
Execution 4_9
Execution 4_9
Execution 4_9
Execution 4_9
Execution 4_9
Execution 4_9
Execution 4_9
Execution 4_9
Execution 4_9
Execution 4_9
Execution 4_9
Execution 4_9
Execution 4_9
./performSimulation: line 41: [4: comando não encontrado
./performSimulation: line 41: [5: comando não encontrado
./performSimulation: line 41: [6: comando não encontrado
./performSimulation: line 41: [7: comando não encontrado
Execution 1_0
Execution 2_0
Execution 3_0
Execution 4_0
Execution 5_0
Execution 6_0
Execution 7_0
Execution 1_0
Execution 2_0
Execution 3_0
Execution 4_0
Execution 5_0
Execution 6_0
Execution 7_0
Execution 1_0
Execution 2_0
Execution 3_0
Execution 4_0
Execution 5_0
Execution 6_0
Execution 7_0
Execution 1_0
Execution 2_0
Execution 3_0
Execution 4_0
Execution 5_0
Execution 6_0
Execution 7_0
Execution 1_0
Execution 2_0
Execution 3_0
Execution 4_0
Execution 5_0
Execution 6_0
Execution 7_0
Execution 1_0
Execution 2_0
Execution 3_0
Execution 4_0
Execution 5_0
Execution 6_0
Execution 7_0
Execution 1_0
Execution 2_0
Execution 3_0
Execution 4_0
Execution 5_0
Execution 6_0
Execution 7_0
Execution 1_0
Execution 2_0
Execution 3_0
Execution 4_0
Execution 5_0
Execution 6_0
Execution 7_0
Execution 1_0
Execution 2_0
Execution 3_0
Execution 4_0
Execution 5_0
Execution 6_0
Execution 7_0
Execution 1_0
Execution 2_0
Execution 3_0
Execution 4_0
Execution 5_0
Execution 6_0
Execution 7_0
Execution 1_0
Execution 2_0
Execution 3_0
Execution 4_0
Execution 5_0
Execution 6_0
Execution 7_0
Execution 1_0
Execution 2_0
Execution 3_0
Execution 4_0
Execution 5_0
Execution 6_0
Execution 7_0
Execution 1_0
Execution 2_0
Execution 3_0
Execution 4_0
Execution 5_0
Execution 6_0
Execution 7_0
Execution 1_1
Execution 2_1
Execution 3_1
Execution 4_1
Execution 5_1
Execution 6_1
Execution 7_1
Execution 1_1
Execution 2_1
Execution 3_1
Execution 4_1
Execution 5_1
Execution 6_1
Execution 7_1
Execution 1_1
Execution 2_1
Execution 3_1
Execution 4_1
Execution 5_1
Execution 6_1
Execution 7_1
Execution 1_1
Execution 2_1
Execution 3_1
Execution 4_1
Execution 5_1
Execution 6_1
Execution 7_1
Execution 1_1
Execution 2_1
Execution 3_1
Execution 4_1
Execution 5_1
Execution 6_1
Execution 7_1
Execution 1_1
Execution 2_1
Execution 3_1
Execution 4_1
Execution 5_1
Execution 6_1
Execution 7_1
Execution 1_1
Execution 2_1
Execution 3_1
Execution 4_1
Execution 5_1
Execution 6_1
Execution 7_1
Execution 1_1
Execution 2_1
Execution 3_1
Execution 4_1
Execution 5_1
Execution 6_1
Execution 7_1
Execution 1_1
Execution 2_1
Execution 3_1
Execution 4_1
Execution 5_1
Execution 6_1
Execution 7_1
Execution 1_1
Execution 2_1
Execution 3_1
Execution 4_1
Execution 5_1
Execution 6_1
Execution 7_1
Execution 1_1
Execution 2_1
Execution 3_1
Execution 4_1
Execution 5_1
Execution 6_1
Execution 7_1
Execution 1_1
Execution 2_1
Execution 3_1
Execution 4_1
Execution 5_1
Execution 6_1
Execution 7_1
Execution 1_1
Execution 2_1
Execution 3_1
Execution 4_1
Execution 5_1
Execution 6_1
Execution 7_1
Execution 1_2
Execution 2_2
Execution 3_2
Execution 4_2
Execution 5_2
Execution 6_2
Execution 7_2
Execution 1_2
Execution 2_2
Execution 3_2
Execution 4_2
Execution 5_2
Execution 6_2
Execution 7_2
Execution 1_2
Execution 2_2
Execution 3_2
Execution 4_2
Execution 5_2
Execution 6_2
Execution 7_2
Execution 1_2
Execution 2_2
Execution 3_2
Execution 4_2
Execution 5_2
Execution 6_2
Execution 7_2
Execution 1_2
Execution 2_2
Execution 3_2
Execution 4_2
Execution 5_2
Execution 6_2
Execution 7_2
Execution 1_2
Execution 2_2
Execution 3_2
Execution 4_2
Execution 5_2
Execution 6_2
Execution 7_2
Execution 1_2
Execution 2_2
Execution 3_2
Execution 4_2
Execution 5_2
Execution 6_2
Execution 7_2
Execution 1_2
Execution 2_2
Execution 3_2
Execution 4_2
Execution 5_2
Execution 6_2
Execution 7_2
Execution 1_2
Execution 2_2
Execution 3_2
Execution 4_2
Execution 5_2
Execution 6_2
Execution 7_2
Execution 1_2
Execution 2_2
Execution 3_2
Execution 4_2
Execution 5_2
Execution 6_2
Execution 7_2
Execution 1_2
Execution 2_2
Execution 3_2
Execution 4_2
Execution 5_2
Execution 6_2
Execution 7_2
Execution 1_2
Execution 2_2
Execution 3_2
Execution 4_2
Execution 5_2
Execution 6_2
Execution 7_2
Execution 1_2
Execution 2_2
Execution 3_2
Execution 4_2
Execution 5_2
Execution 6_2
Execution 7_2
Execution 1_3
Execution 2_3
Execution 3_3
Execution 4_3
Execution 5_3
Execution 6_3
Execution 7_3
Execution 1_3
Execution 2_3
Execution 3_3
Execution 4_3
Execution 5_3
Execution 6_3
Execution 7_3
Execution 1_3
Execution 2_3
Execution 3_3
Execution 4_3
Execution 5_3
Execution 6_3
Execution 7_3
Execution 1_3
Execution 2_3
Execution 3_3
Execution 4_3
Execution 5_3
Execution 6_3
Execution 7_3
Execution 1_3
Execution 2_3
Execution 3_3
Execution 4_3
Execution 5_3
Execution 6_3
Execution 7_3
Execution 1_3
Execution 2_3
Execution 3_3
Execution 4_3
Execution 5_3
Execution 6_3
Execution 7_3
Execution 1_3
Execution 2_3
Execution 3_3
Execution 4_3
Execution 5_3
Execution 6_3
Execution 7_3
Execution 1_3
Execution 2_3
Execution 3_3
Execution 4_3
Execution 5_3
Execution 6_3
Execution 7_3
Execution 1_3
Execution 2_3
Execution 3_3
Execution 4_3
Execution 5_3
Execution 6_3
Execution 7_3
Execution 1_3
Execution 2_3
Execution 3_3
Execution 4_3
Execution 5_3
Execution 6_3
Execution 7_3
Execution 1_3
Execution 2_3
Execution 3_3
Execution 4_3
Execution 5_3
Execution 6_3
Execution 7_3
Execution 1_3
Execution 2_3
Execution 3_3
Execution 4_3
Execution 5_3
Execution 6_3
Execution 7_3
Execution 1_3
Execution 2_3
Execution 3_3
Execution 4_3
Execution 5_3
Execution 6_3
Execution 7_3
Execution 1_4
Execution 2_4
Execution 3_4
Execution 4_4
Execution 5_4
Execution 6_4
Execution 7_4
Execution 1_4
Execution 2_4
Execution 3_4
Execution 4_4
Execution 5_4
Execution 6_4
Execution 7_4
Execution 1_4
Execution 2_4
Execution 3_4
Execution 4_4
Execution 5_4
Execution 6_4
Execution 7_4
Execution 1_4
Execution 2_4
Execution 3_4
Execution 4_4
Execution 5_4
Execution 6_4
Execution 7_4
Execution 1_4
Execution 2_4
Execution 3_4
Execution 4_4
Execution 5_4
Execution 6_4
Execution 7_4
Execution 1_4
Execution 2_4
Execution 3_4
Execution 4_4
Execution 5_4
Execution 6_4
Execution 7_4
Execution 1_4
Execution 2_4
Execution 3_4
Execution 4_4
Execution 5_4
Execution 6_4
Execution 7_4
Execution 1_4
Execution 2_4
Execution 3_4
Execution 4_4
Execution 5_4
Execution 6_4
Execution 7_4
Execution 1_4
Execution 2_4
Execution 3_4
Execution 4_4
Execution 5_4
Execution 6_4
Execution 7_4
Execution 1_4
Execution 2_4
Execution 3_4
Execution 4_4
Execution 5_4
Execution 6_4
Execution 7_4
Execution 1_4
Execution 2_4
Execution 3_4
Execution 4_4
Execution 5_4
Execution 6_4
Execution 7_4
Execution 1_4
Execution 2_4
Execution 3_4
Execution 4_4
Execution 5_4
Execution 6_4
Execution 7_4
Execution 1_4
Execution 2_4
Execution 3_4
Execution 4_4
Execution 5_4
Execution 6_4
Execution 7_4
Execution 1_5
Execution 2_5
Execution 3_5
Execution 4_5
Execution 5_5
Execution 6_5
Execution 7_5
Execution 1_5
Execution 2_5
Execution 3_5
Execution 4_5
Execution 5_5
Execution 6_5
Execution 7_5
Execution 1_5
Execution 2_5
Execution 3_5
Execution 4_5
Execution 5_5
Execution 6_5
Execution 7_5
Execution 1_5
Execution 2_5
Execution 3_5
Execution 4_5
Execution 5_5
Execution 6_5
Execution 7_5
Execution 1_5
Execution 2_5
Execution 3_5
Execution 4_5
Execution 5_5
Execution 6_5
Execution 7_5
Execution 1_5
Execution 2_5
Execution 3_5
Execution 4_5
Execution 5_5
Execution 6_5
Execution 7_5
Execution 1_5
Execution 2_5
Execution 3_5
Execution 4_5
Execution 5_5
Execution 6_5
Execution 7_5
Execution 1_5
Execution 2_5
Execution 3_5
Execution 4_5
Execution 5_5
Execution 6_5
Execution 7_5
Execution 1_5
Execution 2_5
Execution 3_5
Execution 4_5
Execution 5_5
Execution 6_5
Execution 7_5
Execution 1_5
Execution 2_5
Execution 3_5
Execution 4_5
Execution 5_5
Execution 6_5
Execution 7_5
Execution 1_5
Execution 2_5
Execution 3_5
Execution 4_5
Execution 5_5
Execution 6_5
Execution 7_5
Execution 1_5
Execution 2_5
Execution 3_5
Execution 4_5
Execution 5_5
Execution 6_5
Execution 7_5
Execution 1_5
Execution 2_5
Execution 3_5
Execution 4_5
Execution 5_5
Execution 6_5
Execution 7_5
Execution 1_6
Execution 2_6
Execution 3_6
Execution 4_6
Execution 5_6
Execution 6_6
Execution 7_6
Execution 1_6
Execution 2_6
Execution 3_6
Execution 4_6
Execution 5_6
Execution 6_6
Execution 7_6
Execution 1_6
Execution 2_6
Execution 3_6
Execution 4_6
Execution 5_6
Execution 6_6
Execution 7_6
Execution 1_6
Execution 2_6
Execution 3_6
Execution 4_6
Execution 5_6
Execution 6_6
Execution 7_6
Execution 1_6
Execution 2_6
Execution 3_6
Execution 4_6
Execution 5_6
Execution 6_6
Execution 7_6
Execution 1_6
Execution 2_6
Execution 3_6
Execution 4_6
Execution 5_6
Execution 6_6
Execution 7_6
Execution 1_6
Execution 2_6
Execution 3_6
Execution 4_6
Execution 5_6
Execution 6_6
Execution 7_6
Execution 1_6
Execution 2_6
Execution 3_6
Execution 4_6
Execution 5_6
Execution 6_6
Execution 7_6
Execution 1_6
Execution 2_6
Execution 3_6
Execution 4_6
Execution 5_6
Execution 6_6
Execution 7_6
Execution 1_6
Execution 2_6
Execution 3_6
Execution 4_6
Execution 5_6
Execution 6_6
Execution 7_6
Execution 1_6
Execution 2_6
Execution 3_6
Execution 4_6
Execution 5_6
Execution 6_6
Execution 7_6
Execution 1_6
Execution 2_6
Execution 3_6
Execution 4_6
Execution 5_6
Execution 6_6
Execution 7_6
Execution 1_6
Execution 2_6
Execution 3_6
Execution 4_6
Execution 5_6
Execution 6_6
Execution 7_6
Execution 1_7
Execution 2_7
Execution 3_7
Execution 4_7
Execution 5_7
Execution 6_7
Execution 7_7
Execution 1_7
Execution 2_7
Execution 3_7
Execution 4_7
Execution 5_7
Execution 6_7
Execution 7_7
Execution 1_7
Execution 2_7
Execution 3_7
Execution 4_7
Execution 5_7
Execution 6_7
Execution 7_7
Execution 1_7
Execution 2_7
Execution 3_7
Execution 4_7
Execution 5_7
Execution 6_7
Execution 7_7
Execution 1_7
Execution 2_7
Execution 3_7
Execution 4_7
Execution 5_7
Execution 6_7
Execution 7_7
Execution 1_7
Execution 2_7
Execution 3_7
Execution 4_7
Execution 5_7
Execution 6_7
Execution 7_7
Execution 1_7
Execution 2_7
Execution 3_7
Execution 4_7
Execution 5_7
Execution 6_7
Execution 7_7
Execution 1_7
Execution 2_7
Execution 3_7
Execution 4_7
Execution 5_7
Execution 6_7
Execution 7_7
Execution 1_7
Execution 2_7
Execution 3_7
Execution 4_7
Execution 5_7
Execution 6_7
Execution 7_7
Execution 1_7
Execution 2_7
Execution 3_7
Execution 4_7
Execution 5_7
Execution 6_7
Execution 7_7
Execution 1_7
Execution 2_7
Execution 3_7
Execution 4_7
Execution 5_7
Execution 6_7
Execution 7_7
Execution 1_7
Execution 2_7
Execution 3_7
Execution 4_7
Execution 5_7
Execution 6_7
Execution 7_7
Execution 1_7
Execution 2_7
Execution 3_7
Execution 4_7
Execution 5_7
Execution 6_7
Execution 7_7
Execution 1_8
Execution 2_8
Execution 3_8
Execution 4_8
Execution 5_8
Execution 6_8
Execution 7_8
Execution 1_8
Execution 2_8
Execution 3_8
Execution 4_8
Execution 5_8
Execution 6_8
Execution 7_8
Execution 1_8
Execution 2_8
Execution 3_8
Execution 4_8
Execution 5_8
Execution 6_8
Execution 7_8
Execution 1_8
Execution 2_8
Execution 3_8
Execution 4_8
Execution 5_8
Execution 6_8
Execution 7_8
Execution 1_8
Execution 2_8
Execution 3_8
Execution 4_8
Execution 5_8
Execution 6_8
Execution 7_8
Execution 1_8
Execution 2_8
Execution 3_8
Execution 4_8
Execution 5_8
Execution 6_8
Execution 7_8
Execution 1_8
Execution 2_8
Execution 3_8
Execution 4_8
Execution 5_8
Execution 6_8
Execution 7_8
Execution 1_8
Execution 2_8
Execution 3_8
Execution 4_8
Execution 5_8
Execution 6_8
Execution 7_8
Execution 1_8
Execution 2_8
Execution 3_8
Execution 4_8
Execution 5_8
Execution 6_8
Execution 7_8
Execution 1_8
Execution 2_8
Execution 3_8
Execution 4_8
Execution 5_8
Execution 6_8
Execution 7_8
Execution 1_8
Execution 2_8
Execution 3_8
Execution 4_8
Execution 5_8
Execution 6_8
Execution 7_8
Execution 1_8
Execution 2_8
Execution 3_8
Execution 4_8
Execution 5_8
Execution 6_8
Execution 7_8
Execution 1_8
Execution 2_8
Execution 3_8
Execution 4_8
Execution 5_8
Execution 6_8
Execution 7_8
Execution 1_9
Execution 2_9
Execution 3_9
Execution 4_9
Execution 5_9
Execution 6_9
Execution 7_9
Execution 1_9
Execution 2_9
Execution 3_9
Execution 4_9
Execution 5_9
Execution 6_9
Execution 7_9
Execution 1_9
Execution 2_9
Execution 3_9
Execution 4_9
Execution 5_9
Execution 6_9
Execution 7_9
Execution 1_9
Execution 2_9
Execution 3_9
Execution 4_9
Execution 5_9
Execution 6_9
Execution 7_9
Execution 1_9
Execution 2_9
Execution 3_9
Execution 4_9
Execution 5_9
Execution 6_9
Execution 7_9
Execution 1_9
Execution 2_9
Execution 3_9
Execution 4_9
Execution 5_9
Execution 6_9
Execution 7_9
Execution 1_9
Execution 2_9
Execution 3_9
Execution 4_9
Execution 5_9
Execution 6_9
Execution 7_9
Execution 1_9
Execution 2_9
Execution 3_9
Execution 4_9
Execution 5_9
Execution 6_9
Execution 7_9
Execution 1_9
Execution 2_9
Execution 3_9
Execution 4_9
Execution 5_9
Execution 6_9
Execution 7_9
Execution 1_9
Execution 2_9
Execution 3_9
Execution 4_9
Execution 5_9
Execution 6_9
Execution 7_9
Execution 1_9
Execution 2_9
Execution 3_9
Execution 4_9
Execution 5_9
Execution 6_9
Execution 7_9
Execution 1_9
Execution 2_9
Execution 3_9
Execution 4_9
Execution 5_9
Execution 6_9
Execution 7_9
Execution 1_9
Execution 2_9
Execution 3_9
Execution 4_9
Execution 5_9
Execution 6_9
Execution 7_9
